<?xml version="1.0" encoding="UTF-8"?>
<!-- Generated by org.testng.reporters.JUnitXMLReporter -->
<testsuite ignored="0" hostname="LAPTOP-BN070CIS" failures="0" tests="4" name="PetStoreTest" time="9.079" errors="0" timestamp="2023-07-29T19:44:42 IST">
  <testcase classname="api.tests.PetApiTest" name="testPostPet" time="3.406"/>
  <testcase classname="api.tests.PetApiTest" name="testGetPet" time="1.41"/>
  <testcase classname="api.tests.PetApiTest" name="testUpdatePet" time="2.668"/>
  <testcase classname="api.tests.PetApiTest" name="testDeletePet" time="1.09"/>
</testsuite> <!-- PetStoreTest -->
