<?xml version="1.0" encoding="UTF-8"?>
<testng-results ignored="0" total="4" passed="4" failed="0" skipped="0">
  <reporter-output>
  </reporter-output>
  <suite started-at="2023-08-01T13:21:05 IST" name="PetStoreSuite" finished-at="2023-08-01T13:21:15 IST" duration-ms="9819">
    <groups>
    </groups>
    <test started-at="2023-08-01T13:21:05 IST" name="PetStoreTest" finished-at="2023-08-01T13:21:15 IST" duration-ms="9819">
      <class name="api.tests.PetApiTest">
        <test-method is-config="true" signature="setUp()[pri:0, instance:api.tests.PetApiTest@52e6fdee]" started-at="2023-08-01T13:21:05 IST" name="setUp" finished-at="2023-08-01T13:21:05 IST" duration-ms="175" status="PASS">
          <reporter-output>
          </reporter-output>
        </test-method> <!-- setUp -->
        <test-method signature="testPostPet()[pri:1, instance:api.tests.PetApiTest@52e6fdee]" started-at="2023-08-01T13:21:05 IST" name="testPostPet" finished-at="2023-08-01T13:21:09 IST" duration-ms="3388" status="PASS">
          <reporter-output>
          </reporter-output>
        </test-method> <!-- testPostPet -->
        <test-method signature="testGetPet()[pri:2, instance:api.tests.PetApiTest@52e6fdee]" started-at="2023-08-01T13:21:09 IST" name="testGetPet" finished-at="2023-08-01T13:21:10 IST" duration-ms="1588" status="PASS">
          <reporter-output>
          </reporter-output>
        </test-method> <!-- testGetPet -->
        <test-method signature="testUpdatePet()[pri:3, instance:api.tests.PetApiTest@52e6fdee]" started-at="2023-08-01T13:21:10 IST" name="testUpdatePet" finished-at="2023-08-01T13:21:13 IST" duration-ms="2825" status="PASS">
          <reporter-output>
          </reporter-output>
        </test-method> <!-- testUpdatePet -->
        <test-method signature="testDeletePet()[pri:4, instance:api.tests.PetApiTest@52e6fdee]" started-at="2023-08-01T13:21:13 IST" name="testDeletePet" finished-at="2023-08-01T13:21:15 IST" duration-ms="1571" status="PASS">
          <reporter-output>
          </reporter-output>
        </test-method> <!-- testDeletePet -->
      </class> <!-- api.tests.PetApiTest -->
    </test> <!-- PetStoreTest -->
  </suite> <!-- PetStoreSuite -->
</testng-results>
