<?xml version="1.0" encoding="UTF-8"?>
<testsuite xmlns:xsi="http://www.w3.org/2001/XMLSchema-instance" xsi:noNamespaceSchemaLocation="https://maven.apache.org/surefire/maven-surefire-plugin/xsd/surefire-test-report-3.0.xsd" version="3.0" name="TestSuite" time="10.592" tests="4" errors="0" skipped="0" failures="0">
  <properties>
[...]
</properties>
  <testcase name="testPostPet" classname="api.tests.PetApiTest" time="3.397">
    <system-err><![CDATA[SLF4J: Failed to load class "org.slf4j.impl.StaticLoggerBinder".
SLF4J: Defaulting to no-operation (NOP) logger implementation
SLF4J: See http://www.slf4j.org/codes.html#StaticLoggerBinder for further details.
]]></system-err>
  </testcase>
  <testcase name="testGetPet" classname="api.tests.PetApiTest" time="1.591"/>
  <testcase name="testUpdatePet" classname="api.tests.PetApiTest" time="2.828">
    <system-out><![CDATA[HTTP/1.1 200 OK
Date: Tue, 01 Aug 2023 07:51:15 GMT
Content-Type: application/json
Transfer-Encoding: chunked
Connection: keep-alive
Access-Control-Allow-Origin: *
Access-Control-Allow-Methods: GET, POST, DELETE, PUT
Access-Control-Allow-Headers: Content-Type, api_key, Authorization
Server: Jetty(9.2.9.v20150224)

{
    "id": 693958407,
    "category": {
        "id": 693958407,
        "name": "Adrian Sipes"
    },
    "name": "Dudu",
    "photoUrls": [
        "URL1",
        "URL2",
        "URL3"
    ],
    "tags": [
        {
            "id": 2,
            "name": "tag2"
        },
        {
            "id": 0
        }
    ],
    "status": "Available"
}
]]></system-out>
  </testcase>
  <testcase name="testDeletePet" classname="api.tests.PetApiTest" time="1.575"/>
</testsuite>