<?xml version="1.0" encoding="UTF-8"?>
<testng-results ignored="0" total="4" passed="4" failed="0" skipped="0">
  <reporter-output>
  </reporter-output>
  <suite started-at="2023-07-29T19:44:33 IST" name="PetStoreSuite" finished-at="2023-07-29T19:44:42 IST" duration-ms="9079">
    <groups>
    </groups>
    <test started-at="2023-07-29T19:44:33 IST" name="PetStoreTest" finished-at="2023-07-29T19:44:42 IST" duration-ms="9079">
      <class name="api.tests.PetApiTest">
        <test-method is-config="true" signature="setUp()[pri:0, instance:api.tests.PetApiTest@52e6fdee]" started-at="2023-07-29T19:44:33 IST" name="setUp" finished-at="2023-07-29T19:44:33 IST" duration-ms="208" status="PASS">
          <reporter-output>
          </reporter-output>
        </test-method> <!-- setUp -->
        <test-method signature="testPostPet()[pri:1, instance:api.tests.PetApiTest@52e6fdee]" started-at="2023-07-29T19:44:33 IST" name="testPostPet" finished-at="2023-07-29T19:44:37 IST" duration-ms="3406" status="PASS">
          <reporter-output>
          </reporter-output>
        </test-method> <!-- testPostPet -->
        <test-method signature="testGetPet()[pri:2, instance:api.tests.PetApiTest@52e6fdee]" started-at="2023-07-29T19:44:37 IST" name="testGetPet" finished-at="2023-07-29T19:44:38 IST" duration-ms="1410" status="PASS">
          <reporter-output>
          </reporter-output>
        </test-method> <!-- testGetPet -->
        <test-method signature="testUpdatePet()[pri:3, instance:api.tests.PetApiTest@52e6fdee]" started-at="2023-07-29T19:44:38 IST" name="testUpdatePet" finished-at="2023-07-29T19:44:41 IST" duration-ms="2668" status="PASS">
          <reporter-output>
          </reporter-output>
        </test-method> <!-- testUpdatePet -->
        <test-method signature="testDeletePet()[pri:4, instance:api.tests.PetApiTest@52e6fdee]" started-at="2023-07-29T19:44:41 IST" name="testDeletePet" finished-at="2023-07-29T19:44:42 IST" duration-ms="1090" status="PASS">
          <reporter-output>
          </reporter-output>
        </test-method> <!-- testDeletePet -->
      </class> <!-- api.tests.PetApiTest -->
    </test> <!-- PetStoreTest -->
  </suite> <!-- PetStoreSuite -->
</testng-results>
