<?xml version="1.0" encoding="UTF-8"?>
<testng-results ignored="0" total="4" passed="4" failed="0" skipped="0">
  <reporter-output>
  </reporter-output>
  <suite started-at="2023-07-28T22:56:21 IST" name="Default suite" finished-at="2023-07-28T22:56:31 IST" duration-ms="9780">
    <groups>
    </groups>
    <test started-at="2023-07-28T22:56:21 IST" name="Default test" finished-at="2023-07-28T22:56:31 IST" duration-ms="9780">
      <class name="api.tests.UserTestUsingPropertiesFile">
        <test-method is-config="true" signature="setupData()[pri:0, instance:api.tests.UserTestUsingPropertiesFile@5656be13]" started-at="2023-07-28T22:56:21 IST" name="setupData" finished-at="2023-07-28T22:56:22 IST" duration-ms="731" status="PASS">
          <reporter-output>
          </reporter-output>
        </test-method> <!-- setupData -->
        <test-method signature="testPostUser()[pri:1, instance:api.tests.UserTestUsingPropertiesFile@5656be13]" started-at="2023-07-28T22:56:22 IST" name="testPostUser" finished-at="2023-07-28T22:56:25 IST" duration-ms="3045" status="PASS">
          <reporter-output>
          </reporter-output>
        </test-method> <!-- testPostUser -->
        <test-method signature="testGetUser()[pri:2, instance:api.tests.UserTestUsingPropertiesFile@5656be13]" started-at="2023-07-28T22:56:25 IST" name="testGetUser" finished-at="2023-07-28T22:56:27 IST" duration-ms="1475" status="PASS">
          <reporter-output>
          </reporter-output>
        </test-method> <!-- testGetUser -->
        <test-method signature="testUpdateUser()[pri:3, instance:api.tests.UserTestUsingPropertiesFile@5656be13]" started-at="2023-07-28T22:56:27 IST" name="testUpdateUser" finished-at="2023-07-28T22:56:30 IST" duration-ms="2947" status="PASS">
          <reporter-output>
          </reporter-output>
        </test-method> <!-- testUpdateUser -->
        <test-method signature="testDeleteUser()[pri:4, instance:api.tests.UserTestUsingPropertiesFile@5656be13]" started-at="2023-07-28T22:56:30 IST" name="testDeleteUser" finished-at="2023-07-28T22:56:31 IST" duration-ms="1531" status="PASS">
          <reporter-output>
          </reporter-output>
        </test-method> <!-- testDeleteUser -->
      </class> <!-- api.tests.UserTestUsingPropertiesFile -->
    </test> <!-- Default test -->
  </suite> <!-- Default suite -->
</testng-results>
