<?xml version="1.0" encoding="UTF-8"?>
<!-- Generated by org.testng.reporters.JUnitXMLReporter -->
<testsuite ignored="0" hostname="LAPTOP-BN070CIS" failures="0" tests="4" name="PetStoreTest" time="9.363" errors="0" timestamp="2023-07-28T19:54:09 IST">
  <testcase classname="api.tests.PetApiTest" name="testPostPet" time="2.973"/>
  <testcase classname="api.tests.PetApiTest" name="testGetPet" time="1.586"/>
  <testcase classname="api.tests.PetApiTest" name="testUpdatePet" time="3.025"/>
  <testcase classname="api.tests.PetApiTest" name="testDeletePet" time="1.37"/>
</testsuite> <!-- PetStoreTest -->
